<?xml version="1.0" encoding="UTF-8"?>
<testsuite name="pl.pjatk.s24574bank.service.PaymentServiceTest" tests="2" skipped="0" failures="0" errors="0" timestamp="2023-01-22T16:51:25" hostname="A311-06" time="0.048">
  <properties/>
  <testcase name="ShouldNotCreatePayon()" classname="pl.pjatk.s24574bank.service.PaymentServiceTest" time="0.044"/>
  <testcase name="ShouldNotCreatePayoff()" classname="pl.pjatk.s24574bank.service.PaymentServiceTest" time="0.002"/>
  <system-out><![CDATA[]]></system-out>
  <system-err><![CDATA[]]></system-err>
</testsuite>
